2017-12-05 04:27:08 +0000  Initial pipeline context: <IDEDistributionProcessingPipelineContext: 0x7fde7ee11090; archive(resolved)='<IDEArchive: 0x7fde93ce8bd0>', distributionTask(resolved)='2', distributionMethod(resolved)='<IDEDistributionMethodiOSEnterprise: 0x7fdea8a7a470>', team(resolved)='<IDEProvisioningBasicTeam 0x7fdea8b37b80: teamID: 99U4M97ELK, teamName: Guangzhou Yuncheng Information Technology Co., Ltd.>'>
	Chain (11, self inclusive):
	<IDEDistributionProcessingPipelineContext: 0x7fde7ee11090; archive = '<IDEArchive: 0x7fde93ce8bd0>', distributionMethod='<IDEDistributionMethodiOSEnterprise: 0x7fdea8a7a470>', team='<IDEProvisioningBasicTeam 0x7fdea8b37b80: teamID: 99U4M97ELK, teamName: Guangzhou Yuncheng Information Technology Co., Ltd.>'>
	<IDEDistributionProcessingPipelineContext: 0x7fde7fd4abc0; archive = '<IDEArchive: 0x7fde93ce8bd0>', distributionMethod='<IDEDistributionMethodiOSEnterprise: 0x7fdea8a7a470>', team='<IDEProvisioningBasicTeam 0x7fdea8b37b80: teamID: 99U4M97ELK, teamName: Guangzhou Yuncheng Information Technology Co., Ltd.>'>
	<IDEDistributionContext: 0x7fde7fc36230; archive = '<IDEArchive: 0x7fde93ce8bd0>', distributionMethod='<IDEDistributionMethodiOSEnterprise: 0x7fdea8a7a470>', team='<IDEProvisioningBasicTeam 0x7fdea8b37b80: teamID: 99U4M97ELK, teamName: Guangzhou Yuncheng Information Technology Co., Ltd.>'>
	<IDEDistributionContext: 0x7fde7ca0dcf0; archive = '<IDEArchive: 0x7fde93ce8bd0>', distributionMethod='<IDEDistributionMethodiOSEnterprise: 0x7fdea8a7a470>', team='<IDEProvisioningBasicTeam 0x7fdea8b37b80: teamID: 99U4M97ELK, teamName: Guangzhou Yuncheng Information Technology Co., Ltd.>'>
	<IDEDistributionContext: 0x7fde7bca01b0; archive = '<IDEArchive: 0x7fde93ce8bd0>', distributionMethod='<IDEDistributionMethodiOSEnterprise: 0x7fdea8a7a470>', team='<IDEProvisioningBasicTeam 0x7fdea8b37b80: teamID: 99U4M97ELK, teamName: Guangzhou Yuncheng Information Technology Co., Ltd.>'>
	<IDEDistributionContext: 0x7fde989d3200; archive = '<IDEArchive: 0x7fde93ce8bd0>', distributionMethod='<IDEDistributionMethodiOSEnterprise: 0x7fdea8a7a470>', team='<IDEProvisioningBasicTeam 0x7fdea8b37b80: teamID: 99U4M97ELK, teamName: Guangzhou Yuncheng Information Technology Co., Ltd.>'>
	<IDEDistributionContext: 0x7fde7c5022f0; archive = '<IDEArchive: 0x7fde93ce8bd0>', distributionMethod='<IDEDistributionMethodiOSEnterprise: 0x7fdea8a7a470>', team='<IDEProvisioningBasicTeam 0x7fdea8b37b80: teamID: 99U4M97ELK, teamName: Guangzhou Yuncheng Information Technology Co., Ltd.>'>
	<IDEDistributionContext: 0x7fde80088fe0; archive = '<IDEArchive: 0x7fde93ce8bd0>', distributionMethod='<IDEDistributionMethodiOSEnterprise: 0x7fdea8a7a470>', team='<IDEProvisioningBasicTeam 0x7fdea8b37b80: teamID: 99U4M97ELK, teamName: Guangzhou Yuncheng Information Technology Co., Ltd.>'>
	<IDEDistributionContext: 0x7fde8d983860; archive = '<IDEArchive: 0x7fde93ce8bd0>', distributionMethod='<IDEDistributionMethodiOSEnterprise: 0x7fdea8a7a470>', team='<IDEProvisioningBasicTeam 0x7fdea8b37b80: teamID: 99U4M97ELK, teamName: Guangzhou Yuncheng Information Technology Co., Ltd.>'>
	<IDEDistributionContext: 0x7fde85297640; archive = '<IDEArchive: 0x7fde93ce8bd0>', distributionMethod='<IDEDistributionMethodiOSEnterprise: 0x7fdea8a7a470>', team='(null)'>
	<IDEDistributionContext: 0x7fde93330ac0; archive = '<IDEArchive: 0x7fde93ce8bd0>', distributionMethod='(null)', team='(null)'>
</IDEDistributionProcessingPipelineContext: 0x7fde7ee11090>
2017-12-05 04:27:08 +0000  Processing step: IDEDistributionCreateDestRootStep
2017-12-05 04:27:08 +0000  Processing step: IDEDistributionCopyItemStep
2017-12-05 04:27:08 +0000  Running /usr/bin/ditto '-V' '/Users/macmini/Library/Developer/Xcode/Archives/2017-12-05/App360 2017-12-5 下午12.26.xcarchive/Products/Applications/App360.app' '/var/folders/n0/fyv_rlrd5gjgrxqlbjjg6hdw0000gn/T/XcodeDistPipeline.8SI/Root/Payload/App360.app'
2017-12-05 04:27:08 +0000  >>> Copying /Users/macmini/Library/Developer/Xcode/Archives/2017-12-05/App360 2017-12-5 下午12.26.xcarchive/Products/Applications/App360.app 
2017-12-05 04:27:08 +0000  copying file ./_CodeSignature/CodeResources ... 
2017-12-05 04:27:08 +0000  79568 bytes for ./_CodeSignature/CodeResources
2017-12-05 04:27:08 +0000  copying file ./App360 ... 
2017-12-05 04:27:08 +0000  4880288 bytes for ./App360
copying file ./archived-expanded-entitlements.xcent ... 
2017-12-05 04:27:08 +0000  382 bytes for ./archived-expanded-entitlements.xcent
copying file ./Arrow.png ... 
274 bytes for ./Arrow.png
copying file ./ArrowLeft.png ... 
461 bytes for ./ArrowLeft.png
copying file ./ArrowRight.png ... 
465 bytes for ./ArrowRight.png
copying file ./ArrowUp.png ... 
160 bytes for ./ArrowUp.png
copying file ./BackwardIcon.png ... 
273 bytes for ./BackwardIcon.png
copying file ./BackwardIcon@2x.png ... 
396 bytes for ./BackwardIcon@2x.png
copying file ./bg.png ... 
4147 bytes for ./bg.png
copying file ./bg@2x.png ... 
9069 bytes for ./bg@2x.png
copying file ./bg_land.png ... 
4114 bytes for ./bg_land.png
2017-12-05 04:27:08 +0000  copying file ./bg_land@2x.png ... 
2017-12-05 04:27:08 +0000  9374 bytes for ./bg_land@2x.png
2017-12-05 04:27:08 +0000  copying file ./BlueButton.png ... 
2017-12-05 04:27:08 +0000  873 bytes for ./BlueButton.png
copying file ./BookChapterList.png ... 
2017-12-05 04:27:08 +0000  129 bytes for ./BookChapterList.png
2017-12-05 04:27:08 +0000  copying file ./BookIndex.png ... 
2017-12-05 04:27:08 +0000  3104 bytes for ./BookIndex.png
copying file ./BookMark.png ... 
2017-12-05 04:27:08 +0000  133 bytes for ./BookMark.png
2017-12-05 04:27:08 +0000  copying file ./BookMarkList.png ... 
2017-12-05 04:27:08 +0000  489 bytes for ./BookMarkList.png
2017-12-05 04:27:08 +0000  copying file ./BookSelectColor.png ... 
2017-12-05 04:27:08 +0000  284 bytes for ./BookSelectColor.png
2017-12-05 04:27:08 +0000  copying file ./BookSetting.png ... 
2017-12-05 04:27:08 +0000  3268 bytes for ./BookSetting.png
2017-12-05 04:27:08 +0000  copying file ./BookToolbarDown.png ... 
2017-12-05 04:27:08 +0000  152 bytes for ./BookToolbarDown.png
2017-12-05 04:27:08 +0000  copying file ./BookToolbarUp.png ... 
2017-12-05 04:27:08 +0000  233 bytes for ./BookToolbarUp.png
2017-12-05 04:27:08 +0000  copying file ./btn.png ... 
2017-12-05 04:27:08 +0000  3313 bytes for ./btn.png
copying file ./btn@2x.png ... 
2017-12-05 04:27:08 +0000  4098 bytes for ./btn@2x.png
copying file ./btn_cover.png ... 
2017-12-05 04:27:08 +0000  538 bytes for ./btn_cover.png
copying file ./btn_cover@2x.png ... 
2017-12-05 04:27:08 +0000  585 bytes for ./btn_cover@2x.png
2017-12-05 04:27:08 +0000  copying file ./btn_edit.png ... 
2017-12-05 04:27:08 +0000  760 bytes for ./btn_edit.png
2017-12-05 04:27:08 +0000  copying file ./btn_edit@2x.png ... 
2017-12-05 04:27:08 +0000  1168 bytes for ./btn_edit@2x.png
2017-12-05 04:27:08 +0000  copying file ./btn_edit_press.png ... 
2017-12-05 04:27:08 +0000  736 bytes for ./btn_edit_press.png
2017-12-05 04:27:08 +0000  copying file ./btn_edit_press@2x.png ... 
2017-12-05 04:27:08 +0000  1104 bytes for ./btn_edit_press@2x.png
2017-12-05 04:27:08 +0000  copying file ./btn_finish.png ... 
2017-12-05 04:27:08 +0000  835 bytes for ./btn_finish.png
2017-12-05 04:27:08 +0000  copying file ./btn_finish@2x.png ... 
2017-12-05 04:27:08 +0000  1175 bytes for ./btn_finish@2x.png
copying file ./btn_finish_press.png ... 
2017-12-05 04:27:08 +0000  3422 bytes for ./btn_finish_press.png
copying file ./btn_finish_press@2x.png ... 
2017-12-05 04:27:08 +0000  1097 bytes for ./btn_finish_press@2x.png
copying file ./CellBackground.png ... 
2017-12-05 04:27:08 +0000  2896 bytes for ./CellBackground.png
copying file ./CellBackground2.png ... 
2017-12-05 04:27:08 +0000  2801 bytes for ./CellBackground2.png
2017-12-05 04:27:08 +0000  copying file ./CellIndicator.png ... 
2017-12-05 04:27:08 +0000  422 bytes for ./CellIndicator.png
copying file ./CellIndicator@2x.png ... 
2017-12-05 04:27:08 +0000  759 bytes for ./CellIndicator@2x.png
2017-12-05 04:27:08 +0000  copying file ./charset_simplified.txt ... 
2017-12-05 04:27:08 +0000  7659 bytes for ./charset_simplified.txt
2017-12-05 04:27:08 +0000  copying file ./charset_traditional.txt ... 
2017-12-05 04:27:08 +0000  7659 bytes for ./charset_traditional.txt
copying file ./CheckboxOff.png ... 
2017-12-05 04:27:08 +0000  3281 bytes for ./CheckboxOff.png
2017-12-05 04:27:08 +0000  copying file ./CheckboxOff@2x.png ... 
2017-12-05 04:27:08 +0000  3582 bytes for ./CheckboxOff@2x.png
2017-12-05 04:27:08 +0000  copying file ./CheckboxOn.png ... 
2017-12-05 04:27:08 +0000  3476 bytes for ./CheckboxOn.png
copying file ./CheckboxOn@2x.png ... 
2017-12-05 04:27:08 +0000  4066 bytes for ./CheckboxOn@2x.png
2017-12-05 04:27:08 +0000  copying file ./close.png ... 
2017-12-05 04:27:08 +0000  3742 bytes for ./close.png
2017-12-05 04:27:08 +0000  copying file ./close@2x.png ... 
2017-12-05 04:27:08 +0000  4997 bytes for ./close@2x.png
2017-12-05 04:27:08 +0000  copying file ./close_btn.png ... 
2017-12-05 04:27:08 +0000  278 bytes for ./close_btn.png
copying file ./close_btn@2x.png ... 
2017-12-05 04:27:08 +0000  303 bytes for ./close_btn@2x.png
copying file ./Comments.png ... 
2017-12-05 04:27:08 +0000  1397 bytes for ./Comments.png
2017-12-05 04:27:08 +0000  copying file ./CommetsGround.png ... 
2017-12-05 04:27:08 +0000  3263 bytes for ./CommetsGround.png
copying file ./comopose#@2x.png ... 
2017-12-05 04:27:08 +0000  2709 bytes for ./comopose#@2x.png
copying file ./compose#.png ... 
2017-12-05 04:27:08 +0000  1066 bytes for ./compose#.png
2017-12-05 04:27:08 +0000  copying file ./compose#@2x.png ... 
2017-12-05 04:27:08 +0000  1267 bytes for ./compose#@2x.png
copying file ./compose#hover.png ... 
2017-12-05 04:27:08 +0000  1128 bytes for ./compose#hover.png
copying file ./compose#hover@2x.png ... 
2017-12-05 04:27:08 +0000  1564 bytes for ./compose#hover@2x.png
2017-12-05 04:27:08 +0000  copying file ./composeAt.png ... 
2017-12-05 04:27:08 +0000  1612 bytes for ./composeAt.png
copying file ./composeAt@2x.png ... 
2017-12-05 04:27:08 +0000  2128 bytes for ./composeAt@2x.png
copying file ./composeAthover.png ... 
2017-12-05 04:27:08 +0000  1658 bytes for ./composeAthover.png
2017-12-05 04:27:08 +0000  copying file ./composeAthover@2x.png ... 
2017-12-05 04:27:08 +0000  3550 bytes for ./composeAthover@2x.png
2017-12-05 04:27:08 +0000  copying file ./composeCameraEnable.png ... 
2017-12-05 04:27:08 +0000  1077 bytes for ./composeCameraEnable.png
copying file ./composeCameraEnable@2x.png ... 
2017-12-05 04:27:08 +0000  1392 bytes for ./composeCameraEnable@2x.png
2017-12-05 04:27:08 +0000  copying file ./composeCamerahover.png ... 
2017-12-05 04:27:08 +0000  1245 bytes for ./composeCamerahover.png
copying file ./composeCamerahover@2x.png ... 
2017-12-05 04:27:08 +0000  1911 bytes for ./composeCamerahover@2x.png
copying file ./composedingwei.png ... 
2017-12-05 04:27:08 +0000  765 bytes for ./composedingwei.png
2017-12-05 04:27:08 +0000  copying file ./composedingwei@2x.png ... 
2017-12-05 04:27:08 +0000  1171 bytes for ./composedingwei@2x.png
2017-12-05 04:27:08 +0000  copying file ./composedingweihover.png ... 
2017-12-05 04:27:08 +0000  839 bytes for ./composedingweihover.png
2017-12-05 04:27:08 +0000  copying file ./composedingweihover@2x.png ... 
2017-12-05 04:27:08 +0000  1441 bytes for ./composedingweihover@2x.png
2017-12-05 04:27:08 +0000  copying file ./composeEmotionBg.png ... 
2017-12-05 04:27:08 +0000  1971 bytes for ./composeEmotionBg.png
2017-12-05 04:27:08 +0000  copying file ./composeEmotionBg@2x.png ... 
2017-12-05 04:27:08 +0000  3762 bytes for ./composeEmotionBg@2x.png
2017-12-05 04:27:08 +0000  copying file ./composehuatiinput.png ... 
2017-12-05 04:27:08 +0000  1721 bytes for ./composehuatiinput.png
2017-12-05 04:27:08 +0000  copying file ./composehuatiinput@2x.png ... 
2017-12-05 04:27:08 +0000  4132 bytes for ./composehuatiinput@2x.png
2017-12-05 04:27:08 +0000  copying file ./composeiconbg.png ... 
2017-12-05 04:27:08 +0000  209 bytes for ./composeiconbg.png
2017-12-05 04:27:08 +0000  copying file ./composeiconbg@2x.png ... 
2017-12-05 04:27:08 +0000  234 bytes for ./composeiconbg@2x.png
2017-12-05 04:27:08 +0000  copying file ./composeImageDel.png ... 
2017-12-05 04:27:08 +0000  1242 bytes for ./composeImageDel.png
copying file ./composeImageDel@2x.png ... 
2017-12-05 04:27:08 +0000  2113 bytes for ./composeImageDel@2x.png
2017-12-05 04:27:08 +0000  copying file ./composeImageFrame.png ... 
2017-12-05 04:27:08 +0000  4186 bytes for ./composeImageFrame.png
copying file ./composeImageFrame@2x.png ... 
2017-12-05 04:27:08 +0000  6506 bytes for ./composeImageFrame@2x.png
copying file ./composeloadingbtn.png ... 
2017-12-05 04:27:08 +0000  1212 bytes for ./composeloadingbtn.png
copying file ./composeloadingbtn@2x.png ... 
2017-12-05 04:27:08 +0000  2162 bytes for ./composeloadingbtn@2x.png
copying file ./composepic_biankuang.png ... 
2017-12-05 04:27:08 +0000  248 bytes for ./composepic_biankuang.png
2017-12-05 04:27:08 +0000  copying file ./composepic_biankuang@2x.png ... 
2017-12-05 04:27:08 +0000  345 bytes for ./composepic_biankuang@2x.png
copying file ./composequxiaobtn.png ... 
2017-12-05 04:27:08 +0000  1248 bytes for ./composequxiaobtn.png
copying file ./composequxiaobtn@2x.png ... 
2017-12-05 04:27:08 +0000  2092 bytes for ./composequxiaobtn@2x.png
copying file ./composereturnbtn.png ... 
2017-12-05 04:27:08 +0000  1504 bytes for ./composereturnbtn.png
2017-12-05 04:27:08 +0000  copying file ./composereturnbtn@2x.png ... 
2017-12-05 04:27:08 +0000  2712 bytes for ./composereturnbtn@2x.png
copying file ./composesentbtn.png ... 
2017-12-05 04:27:08 +0000  1479 bytes for ./composesentbtn.png
2017-12-05 04:27:08 +0000  copying file ./composesentbtn@2x.png ... 
2017-12-05 04:27:08 +0000  2100 bytes for ./composesentbtn@2x.png
copying file ./composesentbtnhover.png ... 
2017-12-05 04:27:08 +0000  1240 bytes for ./composesentbtnhover.png
2017-12-05 04:27:08 +0000  copying file ./composesentbtnhover@2x.png ... 
2017-12-05 04:27:08 +0000  2087 bytes for ./composesentbtnhover@2x.png
2017-12-05 04:27:08 +0000  copying file ./composeupbg.png ... 
2017-12-05 04:27:08 +0000  7431 bytes for ./composeupbg.png
2017-12-05 04:27:08 +0000  copying file ./composeupbg@2x.png ... 
2017-12-05 04:27:08 +0000  13398 bytes for ./composeupbg@2x.png
2017-12-05 04:27:08 +0000  copying file ./composevideo_pic.png ... 
2017-12-05 04:27:08 +0000  7756 bytes for ./composevideo_pic.png
2017-12-05 04:27:08 +0000  copying file ./composevideo_pic@2x.png ... 
2017-12-05 04:27:08 +0000  10795 bytes for ./composevideo_pic@2x.png
copying file ./composeWords.png ... 
2017-12-05 04:27:08 +0000  84 bytes for ./composeWords.png
2017-12-05 04:27:08 +0000  copying file ./composeWords@2x.png ... 
2017-12-05 04:27:08 +0000  86 bytes for ./composeWords@2x.png
2017-12-05 04:27:08 +0000  copying file ./ContentLine.png ... 
2017-12-05 04:27:08 +0000  86 bytes for ./ContentLine.png
copying file ./Default.png ... 
2017-12-05 04:27:08 +0000  97757 bytes for ./Default.png
2017-12-05 04:27:08 +0000  copying file ./DefaultPicker.png ... 
2017-12-05 04:27:08 +0000  8800 bytes for ./DefaultPicker.png
copying file ./DefaultPicker@2x.png ... 
2017-12-05 04:27:08 +0000  17516 bytes for ./DefaultPicker@2x.png
copying file ./delete.png ... 
2017-12-05 04:27:08 +0000  3058 bytes for ./delete.png
2017-12-05 04:27:08 +0000  copying file ./delete@2x.png ... 
2017-12-05 04:27:08 +0000  3307 bytes for ./delete@2x.png
copying file ./Download.png ... 
2017-12-05 04:27:08 +0000  582 bytes for ./Download.png
copying file ./Download@2x.png ... 
2017-12-05 04:27:08 +0000  643 bytes for ./Download@2x.png
2017-12-05 04:27:08 +0000  copying file ./DownloadImage.png ... 
2017-12-05 04:27:08 +0000  425 bytes for ./DownloadImage.png
2017-12-05 04:27:08 +0000  copying file ./DownloadImage@2x.png ... 
2017-12-05 04:27:08 +0000  1375 bytes for ./DownloadImage@2x.png
2017-12-05 04:27:08 +0000  copying file ./embedded.mobileprovision ... 
2017-12-05 04:27:08 +0000  7503 bytes for ./embedded.mobileprovision
2017-12-05 04:27:08 +0000  copying file ./en.lproj/Language.strings ... 
2017-12-05 04:27:08 +0000  136 bytes for ./en.lproj/Language.strings
2017-12-05 04:27:08 +0000  copying file ./English.lproj/InfoPlist.strings ... 
2017-12-05 04:27:08 +0000  81 bytes for ./English.lproj/InfoPlist.strings
2017-12-05 04:27:08 +0000  copying file ./English.lproj/Localizable.strings ... 
2017-12-05 04:27:08 +0000  4315 bytes for ./English.lproj/Localizable.strings
2017-12-05 04:27:08 +0000  copying file ./ExpandDown.png ... 
2017-12-05 04:27:08 +0000  3975 bytes for ./ExpandDown.png
copying file ./ExpandDown@2x.png ... 
2017-12-05 04:27:08 +0000  2611 bytes for ./ExpandDown@2x.png
2017-12-05 04:27:08 +0000  copying file ./ExpandDown_.png ... 
2017-12-05 04:27:08 +0000  4044 bytes for ./ExpandDown_.png
copying file ./ExpandDown_@2x.png ... 
2017-12-05 04:27:08 +0000  6031 bytes for ./ExpandDown_@2x.png
copying file ./Favorite.png ... 
2017-12-05 04:27:08 +0000  3410 bytes for ./Favorite.png
2017-12-05 04:27:08 +0000  copying file ./Flick-fade-lt.png ... 
2017-12-05 04:27:08 +0000  699 bytes for ./Flick-fade-lt.png
2017-12-05 04:27:08 +0000  copying file ./Flick-fade-rt.png ... 
2017-12-05 04:27:08 +0000  717 bytes for ./Flick-fade-rt.png
2017-12-05 04:27:08 +0000  copying file ./Flick-tab-bck.png ... 
2017-12-05 04:27:08 +0000  2901 bytes for ./Flick-tab-bck.png
2017-12-05 04:27:08 +0000  copying file ./Flick-tab-over.png ... 
2017-12-05 04:27:08 +0000  3683 bytes for ./Flick-tab-over.png
2017-12-05 04:27:08 +0000  copying file ./FlickTabOverlay.png ... 
2017-12-05 04:27:08 +0000  2851 bytes for ./FlickTabOverlay.png
2017-12-05 04:27:08 +0000  copying file ./FlickTabOverlay@2x.png ... 
2017-12-05 04:27:08 +0000  3161 bytes for ./FlickTabOverlay@2x.png
2017-12-05 04:27:08 +0000  copying file ./FoldSummary.png ... 
2017-12-05 04:27:08 +0000  370 bytes for ./FoldSummary.png
2017-12-05 04:27:08 +0000  copying file ./FontSize.png ... 
2017-12-05 04:27:08 +0000  1089 bytes for ./FontSize.png
copying file ./FontSize@2x.png ... 
2017-12-05 04:27:08 +0000  1913 bytes for ./FontSize@2x.png
copying file ./ForwardIcon.png ... 
2017-12-05 04:27:08 +0000  266 bytes for ./ForwardIcon.png
2017-12-05 04:27:08 +0000  copying file ./friendPortrait.png ... 
2017-12-05 04:27:08 +0000  3230 bytes for ./friendPortrait.png
2017-12-05 04:27:08 +0000  copying file ./friendPortrait@2x.png ... 
2017-12-05 04:27:08 +0000  9860 bytes for ./friendPortrait@2x.png
2017-12-05 04:27:08 +0000  copying file ./GrayButton.png ... 
2017-12-05 04:27:08 +0000  848 bytes for ./GrayButton.png
2017-12-05 04:27:08 +0000  copying file ./GridBackground-iphone.png ... 
2017-12-05 04:27:08 +0000  4996 bytes for ./GridBackground-iphone.png
copying file ./GridItemBackground-iphone.png ... 
2017-12-05 04:27:08 +0000  3047 bytes for ./GridItemBackground-iphone.png
2017-12-05 04:27:08 +0000  copying file ./GroupBar.png ... 
2017-12-05 04:27:08 +0000  2854 bytes for ./GroupBar.png
copying file ./GroupBar@2x.png ... 
2017-12-05 04:27:08 +0000  3175 bytes for ./GroupBar@2x.png
2017-12-05 04:27:08 +0000  copying file ./Icon.png ... 
2017-12-05 04:27:08 +0000  6780 bytes for ./Icon.png
2017-12-05 04:27:08 +0000  copying file ./Icon7.png ... 
2017-12-05 04:27:08 +0000  11592 bytes for ./Icon7.png
2017-12-05 04:27:08 +0000  copying file ./Icon@2x.png ... 
2017-12-05 04:27:08 +0000  14125 bytes for ./Icon@2x.png
2017-12-05 04:27:08 +0000  copying file ./Icon@iPad.png ... 
2017-12-05 04:27:08 +0000  5941 bytes for ./Icon@iPad.png
2017-12-05 04:27:08 +0000  copying file ./Image.png ... 
2017-12-05 04:27:08 +0000  151017 bytes for ./Image.png
copying file ./Info.plist ... 
2017-12-05 04:27:08 +0000  2166 bytes for ./Info.plist
2017-12-05 04:27:08 +0000  copying file ./line.jpg ... 
2017-12-05 04:27:08 +0000  1322 bytes for ./line.jpg
2017-12-05 04:27:08 +0000  copying file ./ListCellOverlay.png ... 
2017-12-05 04:27:08 +0000  2851 bytes for ./ListCellOverlay.png
copying file ./ListCellOverlay@2x.png ... 
2017-12-05 04:27:08 +0000  3161 bytes for ./ListCellOverlay@2x.png
copying file ./LoginButtonBackground.png ... 
2017-12-05 04:27:08 +0000  985 bytes for ./LoginButtonBackground.png
2017-12-05 04:27:08 +0000  copying file ./LoginButtonBackground@2x.png ... 
2017-12-05 04:27:08 +0000  1725 bytes for ./LoginButtonBackground@2x.png
copying file ./LoginFrame.png ... 
2017-12-05 04:27:08 +0000  4418 bytes for ./LoginFrame.png
copying file ./LoginFrame2.png ... 
2017-12-05 04:27:08 +0000  4559 bytes for ./LoginFrame2.png
copying file ./logo.png ... 
2017-12-05 04:27:08 +0000  2248 bytes for ./logo.png
copying file ./logo@2x.png ... 
2017-12-05 04:27:08 +0000  4247 bytes for ./logo@2x.png
2017-12-05 04:27:08 +0000  copying file ./MainListCellBackground.png ... 
2017-12-05 04:27:08 +0000  3294 bytes for ./MainListCellBackground.png
copying file ./mask_1.png ... 
2017-12-05 04:27:08 +0000  3003 bytes for ./mask_1.png
2017-12-05 04:27:08 +0000  copying file ./mask_1@2x.png ... 
2017-12-05 04:27:08 +0000  3182 bytes for ./mask_1@2x.png
2017-12-05 04:27:08 +0000  copying file ./mask_2.png ... 
2017-12-05 04:27:08 +0000  5111 bytes for ./mask_2.png
copying file ./mask_2@2x.png ... 
2017-12-05 04:27:08 +0000  7033 bytes for ./mask_2@2x.png
2017-12-05 04:27:08 +0000  copying file ./mask_3.png ... 
2017-12-05 04:27:08 +0000  3038 bytes for ./mask_3.png
2017-12-05 04:27:08 +0000  copying file ./mask_3@2x.png ... 
2017-12-05 04:27:08 +0000  3235 bytes for ./mask_3@2x.png
copying file ./mask_4.png ... 
2017-12-05 04:27:08 +0000  3318 bytes for ./mask_4.png
2017-12-05 04:27:08 +0000  copying file ./mask_4@2x.png ... 
2017-12-05 04:27:08 +0000  3957 bytes for ./mask_4@2x.png
2017-12-05 04:27:08 +0000  copying file ./mask_5.png ... 
2017-12-05 04:27:08 +0000  3150 bytes for ./mask_5.png
2017-12-05 04:27:08 +0000  copying file ./mask_5@2x.png ... 
2017-12-05 04:27:08 +0000  3470 bytes for ./mask_5@2x.png
2017-12-05 04:27:08 +0000  copying file ./mask_6.png ... 
2017-12-05 04:27:08 +0000  4625 bytes for ./mask_6.png
2017-12-05 04:27:08 +0000  copying file ./mask_6@2x.png ... 
2017-12-05 04:27:08 +0000  6796 bytes for ./mask_6@2x.png
copying file ./More.png ... 
2017-12-05 04:27:08 +0000  3200 bytes for ./More.png
2017-12-05 04:27:08 +0000  copying file ./More@2x.png ... 
2017-12-05 04:27:08 +0000  435 bytes for ./More@2x.png
copying file ./mult-lang-switch.png ... 
2017-12-05 04:27:08 +0000  2626 bytes for ./mult-lang-switch.png
copying file ./mult-lang-switch@2x.png ... 
2017-12-05 04:27:08 +0000  6007 bytes for ./mult-lang-switch@2x.png
copying file ./MuTextFieldController.nib ... 
2017-12-05 04:27:08 +0000  2742 bytes for ./MuTextFieldController.nib
copying file ./NavigationBar.png ... 
2017-12-05 04:27:08 +0000  2854 bytes for ./NavigationBar.png
copying file ./NavigationBar@2x.png ... 
2017-12-05 04:27:08 +0000  3175 bytes for ./NavigationBar@2x.png
2017-12-05 04:27:08 +0000  copying file ./NeedUpdate.png ... 
2017-12-05 04:27:08 +0000  988 bytes for ./NeedUpdate.png
copying file ./netError.png ... 
2017-12-05 04:27:08 +0000  1843 bytes for ./netError.png
copying file ./netError@2x.png ... 
2017-12-05 04:27:08 +0000  1185 bytes for ./netError@2x.png
copying file ./NoIcon.png ... 
2017-12-05 04:27:08 +0000  6780 bytes for ./NoIcon.png
copying file ./normal_left.png ... 
2017-12-05 04:27:08 +0000  3366 bytes for ./normal_left.png
2017-12-05 04:27:08 +0000  copying file ./normal_left@2x.png ... 
2017-12-05 04:27:08 +0000  3437 bytes for ./normal_left@2x.png
2017-12-05 04:27:08 +0000  copying file ./normal_middle.png ... 
2017-12-05 04:27:08 +0000  2939 bytes for ./normal_middle.png
copying file ./normal_middle@2x.png ... 
2017-12-05 04:27:08 +0000  3020 bytes for ./normal_middle@2x.png
2017-12-05 04:27:08 +0000  copying file ./normal_right.png ... 
2017-12-05 04:27:08 +0000  3299 bytes for ./normal_right.png
copying file ./normal_right@2x.png ... 
2017-12-05 04:27:08 +0000  3428 bytes for ./normal_right@2x.png
copying file ./Normal_State.png ... 
2017-12-05 04:27:08 +0000  363 bytes for ./Normal_State.png
2017-12-05 04:27:08 +0000  copying file ./Normal_State@2x.png ... 
2017-12-05 04:27:08 +0000  282 bytes for ./Normal_State@2x.png
2017-12-05 04:27:08 +0000  copying file ./NotFavorite.png ... 
2017-12-05 04:27:08 +0000  4016 bytes for ./NotFavorite.png
copying file ./PageChosed.png ... 
2017-12-05 04:27:08 +0000  4208 bytes for ./PageChosed.png
2017-12-05 04:27:08 +0000  copying file ./PageUnchosed.png ... 
2017-12-05 04:27:08 +0000  4193 bytes for ./PageUnchosed.png
2017-12-05 04:27:08 +0000  copying file ./Particle.png ... 
2017-12-05 04:27:08 +0000  7607 bytes for ./Particle.png
copying file ./PkgInfo ... 
2017-12-05 04:27:08 +0000  8 bytes for ./PkgInfo
2017-12-05 04:27:08 +0000  copying file ./PlayIcon.png ... 
2017-12-05 04:27:08 +0000  2540 bytes for ./PlayIcon.png
copying file ./PlayIcon@2x.png ... 
2017-12-05 04:27:08 +0000  5883 bytes for ./PlayIcon@2x.png
copying file ./popoverArrowDown.png ... 
2017-12-05 04:27:08 +0000  379 bytes for ./popoverArrowDown.png
2017-12-05 04:27:08 +0000  copying file ./popoverArrowDown@2x.png ... 
2017-12-05 04:27:08 +0000  323 bytes for ./popoverArrowDown@2x.png
2017-12-05 04:27:08 +0000  copying file ./PullArrow.png ... 
2017-12-05 04:27:08 +0000  4175 bytes for ./PullArrow.png
copying file ./PullArrow@2x.png ... 
2017-12-05 04:27:08 +0000  894 bytes for ./PullArrow@2x.png
copying file ./QQlogo.png ... 
2017-12-05 04:27:08 +0000  20292 bytes for ./QQlogo.png
2017-12-05 04:27:08 +0000  copying file ./RadiobuttonOff.png ... 
2017-12-05 04:27:08 +0000  3299 bytes for ./RadiobuttonOff.png
copying file ./RadiobuttonOff@2x.png ... 
2017-12-05 04:27:08 +0000  3826 bytes for ./RadiobuttonOff@2x.png
copying file ./RadiobuttonOn.png ... 
2017-12-05 04:27:08 +0000  3478 bytes for ./RadiobuttonOn.png
2017-12-05 04:27:08 +0000  copying file ./RadiobuttonOn@2x.png ... 
2017-12-05 04:27:08 +0000  3825 bytes for ./RadiobuttonOn@2x.png
copying file ./README.md ... 
2017-12-05 04:27:08 +0000  1350 bytes for ./README.md
copying file ./Refresh.png ... 
2017-12-05 04:27:08 +0000  1879 bytes for ./Refresh.png
2017-12-05 04:27:08 +0000  copying file ./RefreshIcon.png ... 
2017-12-05 04:27:08 +0000  3504 bytes for ./RefreshIcon.png
copying file ./RefreshIcon@2x.png ... 
2017-12-05 04:27:08 +0000  1439 bytes for ./RefreshIcon@2x.png
2017-12-05 04:27:08 +0000  copying file ./RefreshIcon@3x.png ... 
2017-12-05 04:27:08 +0000  1439 bytes for ./RefreshIcon@3x.png
2017-12-05 04:27:08 +0000  copying file ./repeatVideoStarticon.png ... 
2017-12-05 04:27:08 +0000  5601 bytes for ./repeatVideoStarticon.png
2017-12-05 04:27:08 +0000  copying file ./repeatVideoStarticon@2x.png ... 
2017-12-05 04:27:08 +0000  6059 bytes for ./repeatVideoStarticon@2x.png
copying file ./Reposts.png ... 
2017-12-05 04:27:08 +0000  1188 bytes for ./Reposts.png
copying file ./Selected_Arrow.png ... 
2017-12-05 04:27:08 +0000  3211 bytes for ./Selected_Arrow.png
2017-12-05 04:27:08 +0000  copying file ./Selected_Arrow@2x.png ... 
2017-12-05 04:27:08 +0000  3735 bytes for ./Selected_Arrow@2x.png
2017-12-05 04:27:08 +0000  copying file ./selected_left.png ... 
2017-12-05 04:27:08 +0000  3253 bytes for ./selected_left.png
copying file ./selected_left@2x.png ... 
2017-12-05 04:27:08 +0000  3437 bytes for ./selected_left@2x.png
copying file ./selected_middle.png ... 
2017-12-05 04:27:08 +0000  2943 bytes for ./selected_middle.png
2017-12-05 04:27:08 +0000  copying file ./selected_middle@2x.png ... 
2017-12-05 04:27:08 +0000  3062 bytes for ./selected_middle@2x.png
copying file ./selected_right.png ... 
2017-12-05 04:27:08 +0000  3284 bytes for ./selected_right.png
copying file ./selected_right@2x.png ... 
2017-12-05 04:27:08 +0000  3437 bytes for ./selected_right@2x.png
2017-12-05 04:27:08 +0000  copying file ./Selected_State.png ... 
2017-12-05 04:27:08 +0000  483 bytes for ./Selected_State.png
2017-12-05 04:27:08 +0000  copying file ./Selected_State@2x.png ... 
2017-12-05 04:27:08 +0000  403 bytes for ./Selected_State@2x.png
copying file ./Seletced.png ... 
2017-12-05 04:27:08 +0000  4066 bytes for ./Seletced.png
2017-12-05 04:27:08 +0000  copying file ./separatorLine.png ... 
2017-12-05 04:27:08 +0000  71 bytes for ./separatorLine.png
copying file ./separatorLine@2x.png ... 
2017-12-05 04:27:08 +0000  71 bytes for ./separatorLine@2x.png
2017-12-05 04:27:08 +0000  copying file ./Setting.png ... 
2017-12-05 04:27:08 +0000  3617 bytes for ./Setting.png
copying file ./Setting@2x.png ... 
2017-12-05 04:27:08 +0000  4426 bytes for ./Setting@2x.png
copying file ./ShareIcon.png ... 
2017-12-05 04:27:08 +0000  740 bytes for ./ShareIcon.png
2017-12-05 04:27:08 +0000  copying file ./ShareIcon@2x.png ... 
2017-12-05 04:27:08 +0000  979 bytes for ./ShareIcon@2x.png
2017-12-05 04:27:08 +0000  copying file ./SinaWeibo.bundle/images/close.png ... 
2017-12-05 04:27:08 +0000  3858 bytes for ./SinaWeibo.bundle/images/close.png
2017-12-05 04:27:08 +0000  copying file ./SinaWeibo.bundle/images/close@2x.png ... 
2017-12-05 04:27:08 +0000  5320 bytes for ./SinaWeibo.bundle/images/close@2x.png
2017-12-05 04:27:08 +0000  copying file ./Tabbar.png ... 
2017-12-05 04:27:08 +0000  2851 bytes for ./Tabbar.png
copying file ./TabBar@2x.png ... 
2017-12-05 04:27:08 +0000  3161 bytes for ./TabBar@2x.png
copying file ./TabGround.png ... 
2017-12-05 04:27:08 +0000  290 bytes for ./TabGround.png
copying file ./TabItemBackground_Default_1.png ... 
2017-12-05 04:27:08 +0000  767 bytes for ./TabItemBackground_Default_1.png
2017-12-05 04:27:08 +0000  copying file ./TabItemBackground_Default_1@2x.png ... 
2017-12-05 04:27:08 +0000  1467 bytes for ./TabItemBackground_Default_1@2x.png
copying file ./TabItemBackground_Selected_1.png ... 
2017-12-05 04:27:08 +0000  247 bytes for ./TabItemBackground_Selected_1.png
copying file ./TabItemBackground_Selected_1@2x.png ... 
2017-12-05 04:27:08 +0000  544 bytes for ./TabItemBackground_Selected_1@2x.png
2017-12-05 04:27:08 +0000  copying file ./test.png ... 
2017-12-05 04:27:08 +0000  48582 bytes for ./test.png
2017-12-05 04:27:08 +0000  copying file ./test@2x.png ... 
2017-12-05 04:27:08 +0000  48582 bytes for ./test@2x.png
copying file ./TextFrame.png ... 
2017-12-05 04:27:08 +0000  3464 bytes for ./TextFrame.png
2017-12-05 04:27:08 +0000  copying file ./TextFrame@2x.png ... 
2017-12-05 04:27:08 +0000  4756 bytes for ./TextFrame@2x.png
2017-12-05 04:27:08 +0000  copying file ./TurnLeft.png ... 
2017-12-05 04:27:08 +0000  484 bytes for ./TurnLeft.png
2017-12-05 04:27:08 +0000  copying file ./TurnLeft@2x.png ... 
2017-12-05 04:27:08 +0000  603 bytes for ./TurnLeft@2x.png
2017-12-05 04:27:08 +0000  copying file ./TurnRight.png ... 
2017-12-05 04:27:08 +0000  491 bytes for ./TurnRight.png
2017-12-05 04:27:08 +0000  copying file ./TurnRight@2x.png ... 
2017-12-05 04:27:08 +0000  588 bytes for ./TurnRight@2x.png
2017-12-05 04:27:08 +0000  copying file ./unFoldSummary.png ... 
2017-12-05 04:27:08 +0000  362 bytes for ./unFoldSummary.png
2017-12-05 04:27:08 +0000  copying file ./UnSeletced.png ... 
2017-12-05 04:27:08 +0000  3582 bytes for ./UnSeletced.png
2017-12-05 04:27:08 +0000  copying file ./ViewComment.png ... 
2017-12-05 04:27:08 +0000  3115 bytes for ./ViewComment.png
2017-12-05 04:27:08 +0000  copying file ./ViewComment@2x.png ... 
2017-12-05 04:27:08 +0000  3204 bytes for ./ViewComment@2x.png
2017-12-05 04:27:08 +0000  copying file ./WeatherCell1.png ... 
2017-12-05 04:27:08 +0000  673 bytes for ./WeatherCell1.png
copying file ./WeatherCell2.png ... 
2017-12-05 04:27:08 +0000  1274 bytes for ./WeatherCell2.png
copying file ./WeatherHeadBackground1.png ... 
2017-12-05 04:27:08 +0000  51011 bytes for ./WeatherHeadBackground1.png
2017-12-05 04:27:08 +0000  copying file ./WeatherHeadBackground2.png ... 
2017-12-05 04:27:08 +0000  70701 bytes for ./WeatherHeadBackground2.png
copying file ./WeatherHeadBackground3.png ... 
2017-12-05 04:27:08 +0000  55788 bytes for ./WeatherHeadBackground3.png
2017-12-05 04:27:08 +0000  copying file ./WeatherHeadBackground4.png ... 
2017-12-05 04:27:08 +0000  99087 bytes for ./WeatherHeadBackground4.png
2017-12-05 04:27:08 +0000  copying file ./WP7Background.png ... 
2017-12-05 04:27:08 +0000  171789 bytes for ./WP7Background.png
2017-12-05 04:27:08 +0000  copying file ./XAdMob.bundle/XAdMob.plist ... 
299 bytes for ./XAdMob.bundle/XAdMob.plist
copying file ./XAdMob.bundle/xadmob_banner_bg.png ... 
1239 bytes for ./XAdMob.bundle/xadmob_banner_bg.png
copying file ./XAdMob.bundle/xadmob_bg_toolbar.png ... 
2924 bytes for ./XAdMob.bundle/xadmob_bg_toolbar.png
copying file ./XAdMob.bundle/xadmob_btn_close.png ... 
4781 bytes for ./XAdMob.bundle/xadmob_btn_close.png
copying file ./XAdMob.bundle/xadmob_btn_next.png ... 
773 bytes for ./XAdMob.bundle/xadmob_btn_next.png
copying file ./XAdMob.bundle/xadmob_btn_prev.png ... 
764 bytes for ./XAdMob.bundle/xadmob_btn_prev.png
copying file ./XAdMob.bundle/xadmob_btn_refresh.png ... 
2017-12-05 04:27:08 +0000  2757 bytes for ./XAdMob.bundle/xadmob_btn_refresh.png
copying file ./XAdMob.bundle/xadmob_btn_share.png ... 
1104 bytes for ./XAdMob.bundle/xadmob_btn_share.png
2017-12-05 04:27:08 +0000  copying file ./XAdMob.bundle/xadmob_dlg_bg.png ... 
16987 bytes for ./XAdMob.bundle/xadmob_dlg_bg.png
copying file ./XAdMob.bundle/xadmob_dlg_close.png ... 
2017-12-05 04:27:08 +0000  4781 bytes for ./XAdMob.bundle/xadmob_dlg_close.png
2017-12-05 04:27:08 +0000  copying file ./zh-Hans.lproj/InfoPlist.strings ... 
2017-12-05 04:27:08 +0000  81 bytes for ./zh-Hans.lproj/InfoPlist.strings
copying file ./zh-Hans.lproj/Language.strings ... 
2017-12-05 04:27:08 +0000  200 bytes for ./zh-Hans.lproj/Language.strings
copying file ./zh-Hans.lproj/Localizable.strings ... 
2017-12-05 04:27:08 +0000  7392 bytes for ./zh-Hans.lproj/Localizable.strings
2017-12-05 04:27:08 +0000  copying file ./zh-Hant.lproj/InfoPlist.strings ... 
2017-12-05 04:27:08 +0000  81 bytes for ./zh-Hant.lproj/InfoPlist.strings
copying file ./zh-Hant.lproj/Language.strings ... 
2017-12-05 04:27:08 +0000  200 bytes for ./zh-Hant.lproj/Language.strings
2017-12-05 04:27:08 +0000  copying file ./zh-Hant.lproj/Localizable.strings ... 
2017-12-05 04:27:08 +0000  7402 bytes for ./zh-Hant.lproj/Localizable.strings
2017-12-05 04:27:08 +0000  /usr/bin/ditto exited with 0
2017-12-05 04:27:08 +0000  Processing step: IDEDistributionEmbedProfileStep
2017-12-05 04:27:08 +0000  Processing step: IDEDistributionAppThinningPlistStep
2017-12-05 04:27:08 +0000  Skipping step: IDEDistributionAppThinningPlistStep because it said so
2017-12-05 04:27:08 +0000  Processing step: IDEDistributionCompileBitcodeStep
2017-12-05 04:27:08 +0000  Skipping step: IDEDistributionCompileBitcodeStep because it said so
2017-12-05 04:27:08 +0000  Processing step: IDEDistributionCodeSlimmingStep
2017-12-05 04:27:08 +0000  Processing step: IDEDistributionCopyBCSymbolMapsStep
2017-12-05 04:27:08 +0000  Skipping step: IDEDistributionCopyBCSymbolMapsStep because it said so
2017-12-05 04:27:08 +0000  Processing step: IDEDistributionSymbolsStep
2017-12-05 04:27:08 +0000  Skipping step: IDEDistributionSymbolsStep because it said so
2017-12-05 04:27:08 +0000  Processing step: IDEDistributionAppThinningStep
2017-12-05 04:27:08 +0000  Skipping step: IDEDistributionAppThinningStep because it said so
2017-12-05 04:27:08 +0000  Processing step: IDEDistributionODRStep
2017-12-05 04:27:08 +0000  Processing step: IDEDistributionStripXattrsStep
2017-12-05 04:27:08 +0000  Running /usr/bin/xattr '-cr' '/var/folders/n0/fyv_rlrd5gjgrxqlbjjg6hdw0000gn/T/XcodeDistPipeline.8SI/Root/Payload/App360.app'
2017-12-05 04:27:09 +0000  /usr/bin/xattr exited with 0
2017-12-05 04:27:09 +0000  Processing step: IDEDistributionCodesignStep
2017-12-05 04:27:09 +0000  Applying entitlements delta for <IDEDistributionItem: 0x7fde7bfe7fa0 'com.xtownmobile.app360' '<DVTFilePath:0x7fdeaae62560:'/Users/macmini/Library/Developer/Xcode/Archives/2017-12-05/App360 2017-12-5 下午12.26.xcarchive/Products/Applications/App360.app'>'> from <IDEiCloudEntitlementsProcessor: 0x7fde9401f340>: {
}
2017-12-05 04:27:09 +0000  Entitlements for <IDEDistributionItem: 0x7fde7bfe7fa0 'com.xtownmobile.app360' '<DVTFilePath:0x7fdeaae62560:'/Users/macmini/Library/Developer/Xcode/Archives/2017-12-05/App360 2017-12-5 下午12.26.xcarchive/Products/Applications/App360.app'>'>: {
    "application-identifier" = "99U4M97ELK.com.xtownmobile.app360";
    "com.apple.developer.team-identifier" = 99U4M97ELK;
    "get-task-allow" = 0;
    "keychain-access-groups" =     (
        "99U4M97ELK.com.xtownmobile.app360"
    );
}
2017-12-05 04:27:09 +0000  Writing entitlements for <IDEDistributionItem: 0x7fde7bfe7fa0 'com.xtownmobile.app360' '<DVTFilePath:0x7fdeaae62560:'/Users/macmini/Library/Developer/Xcode/Archives/2017-12-05/App360 2017-12-5 下午12.26.xcarchive/Products/Applications/App360.app'>'> to: /var/folders/n0/fyv_rlrd5gjgrxqlbjjg6hdw0000gn/T/XcodeDistPipeline.8SI/entitlementsxSZfpg
2017-12-05 04:27:09 +0000  Running /usr/bin/codesign '-vvv' '--force' '--sign' '1ADFBE6D249DBFDE05C00FAE0A551B7609CA294A' '--preserve-metadata=identifier,flags' '--entitlements' '/var/folders/n0/fyv_rlrd5gjgrxqlbjjg6hdw0000gn/T/XcodeDistPipeline.8SI/entitlementsxSZfpg' '/var/folders/n0/fyv_rlrd5gjgrxqlbjjg6hdw0000gn/T/XcodeDistPipeline.8SI/Root/Payload/App360.app'
2017-12-05 04:27:09 +0000  /var/folders/n0/fyv_rlrd5gjgrxqlbjjg6hdw0000gn/T/XcodeDistPipeline.8SI/Root/Payload/App360.app: replacing existing signature
2017-12-05 04:27:09 +0000  /var/folders/n0/fyv_rlrd5gjgrxqlbjjg6hdw0000gn/T/XcodeDistPipeline.8SI/Root/Payload/App360.app: signed app bundle with Mach-O universal (armv7 arm64) [com.xtownmobile.app360]
2017-12-05 04:27:09 +0000  /usr/bin/codesign exited with 0
2017-12-05 04:27:09 +0000  Processing step: IDEDistributionStreamingZipItemStep
2017-12-05 04:27:09 +0000  Skipping step: IDEDistributionStreamingZipItemStep because it said so
2017-12-05 04:27:09 +0000  Processing step: IDEDistributionCreateIPAStep
2017-12-05 04:27:09 +0000  Running /usr/bin/ditto '-V' '-c' '-k' '--norsrc' '/var/folders/n0/fyv_rlrd5gjgrxqlbjjg6hdw0000gn/T/XcodeDistPipeline.8SI/Root' '/var/folders/n0/fyv_rlrd5gjgrxqlbjjg6hdw0000gn/T/XcodeDistPipeline.8SI/Packages/App360.ipa'
2017-12-05 04:27:09 +0000  >>> Copying /var/folders/n0/fyv_rlrd5gjgrxqlbjjg6hdw0000gn/T/XcodeDistPipeline.8SI/Root 
2017-12-05 04:27:09 +0000  copying file ./Payload/App360.app/_CodeSignature/CodeResources ... 
2017-12-05 04:27:09 +0000  79568 bytes for ./Payload/App360.app/_CodeSignature/CodeResources
2017-12-05 04:27:09 +0000  copying file ./Payload/App360.app/App360 ... 
2017-12-05 04:27:10 +0000  4880288 bytes for ./Payload/App360.app/App360
2017-12-05 04:27:10 +0000  copying file ./Payload/App360.app/archived-expanded-entitlements.xcent ... 
382 bytes for ./Payload/App360.app/archived-expanded-entitlements.xcent
copying file ./Payload/App360.app/Arrow.png ... 
2017-12-05 04:27:10 +0000  274 bytes for ./Payload/App360.app/Arrow.png
copying file ./Payload/App360.app/ArrowLeft.png ... 
2017-12-05 04:27:10 +0000  461 bytes for ./Payload/App360.app/ArrowLeft.png
copying file ./Payload/App360.app/ArrowRight.png ... 
2017-12-05 04:27:10 +0000  465 bytes for ./Payload/App360.app/ArrowRight.png
copying file ./Payload/App360.app/ArrowUp.png ... 
2017-12-05 04:27:10 +0000  160 bytes for ./Payload/App360.app/ArrowUp.png
copying file ./Payload/App360.app/BackwardIcon.png ... 
2017-12-05 04:27:10 +0000  273 bytes for ./Payload/App360.app/BackwardIcon.png
copying file ./Payload/App360.app/BackwardIcon@2x.png ... 
396 bytes for ./Payload/App360.app/BackwardIcon@2x.png
2017-12-05 04:27:10 +0000  copying file ./Payload/App360.app/bg.png ... 
2017-12-05 04:27:10 +0000  4147 bytes for ./Payload/App360.app/bg.png
copying file ./Payload/App360.app/bg@2x.png ... 
2017-12-05 04:27:10 +0000  9069 bytes for ./Payload/App360.app/bg@2x.png
copying file ./Payload/App360.app/bg_land.png ... 
2017-12-05 04:27:10 +0000  4114 bytes for ./Payload/App360.app/bg_land.png
copying file ./Payload/App360.app/bg_land@2x.png ... 
2017-12-05 04:27:10 +0000  9374 bytes for ./Payload/App360.app/bg_land@2x.png
copying file ./Payload/App360.app/BlueButton.png ... 
2017-12-05 04:27:10 +0000  873 bytes for ./Payload/App360.app/BlueButton.png
copying file ./Payload/App360.app/BookChapterList.png ... 
2017-12-05 04:27:10 +0000  129 bytes for ./Payload/App360.app/BookChapterList.png
copying file ./Payload/App360.app/BookIndex.png ... 
2017-12-05 04:27:10 +0000  3104 bytes for ./Payload/App360.app/BookIndex.png
copying file ./Payload/App360.app/BookMark.png ... 
2017-12-05 04:27:10 +0000  133 bytes for ./Payload/App360.app/BookMark.png
copying file ./Payload/App360.app/BookMarkList.png ... 
2017-12-05 04:27:10 +0000  489 bytes for ./Payload/App360.app/BookMarkList.png
copying file ./Payload/App360.app/BookSelectColor.png ... 
284 bytes for ./Payload/App360.app/BookSelectColor.png
copying file ./Payload/App360.app/BookSetting.png ... 
2017-12-05 04:27:10 +0000  3268 bytes for ./Payload/App360.app/BookSetting.png
copying file ./Payload/App360.app/BookToolbarDown.png ... 
2017-12-05 04:27:10 +0000  152 bytes for ./Payload/App360.app/BookToolbarDown.png
copying file ./Payload/App360.app/BookToolbarUp.png ... 
2017-12-05 04:27:10 +0000  233 bytes for ./Payload/App360.app/BookToolbarUp.png
copying file ./Payload/App360.app/btn.png ... 
2017-12-05 04:27:10 +0000  3313 bytes for ./Payload/App360.app/btn.png
copying file ./Payload/App360.app/btn@2x.png ... 
2017-12-05 04:27:10 +0000  4098 bytes for ./Payload/App360.app/btn@2x.png
copying file ./Payload/App360.app/btn_cover.png ... 
2017-12-05 04:27:10 +0000  538 bytes for ./Payload/App360.app/btn_cover.png
copying file ./Payload/App360.app/btn_cover@2x.png ... 
2017-12-05 04:27:10 +0000  585 bytes for ./Payload/App360.app/btn_cover@2x.png
copying file ./Payload/App360.app/btn_edit.png ... 
2017-12-05 04:27:10 +0000  760 bytes for ./Payload/App360.app/btn_edit.png
copying file ./Payload/App360.app/btn_edit@2x.png ... 
2017-12-05 04:27:10 +0000  1168 bytes for ./Payload/App360.app/btn_edit@2x.png
copying file ./Payload/App360.app/btn_edit_press.png ... 
2017-12-05 04:27:10 +0000  736 bytes for ./Payload/App360.app/btn_edit_press.png
copying file ./Payload/App360.app/btn_edit_press@2x.png ... 
2017-12-05 04:27:10 +0000  1104 bytes for ./Payload/App360.app/btn_edit_press@2x.png
copying file ./Payload/App360.app/btn_finish.png ... 
2017-12-05 04:27:10 +0000  835 bytes for ./Payload/App360.app/btn_finish.png
2017-12-05 04:27:10 +0000  copying file ./Payload/App360.app/btn_finish@2x.png ... 
2017-12-05 04:27:10 +0000  1175 bytes for ./Payload/App360.app/btn_finish@2x.png
copying file ./Payload/App360.app/btn_finish_press.png ... 
2017-12-05 04:27:10 +0000  3422 bytes for ./Payload/App360.app/btn_finish_press.png
2017-12-05 04:27:10 +0000  copying file ./Payload/App360.app/btn_finish_press@2x.png ... 
2017-12-05 04:27:10 +0000  1097 bytes for ./Payload/App360.app/btn_finish_press@2x.png
copying file ./Payload/App360.app/CellBackground.png ... 
2017-12-05 04:27:10 +0000  2896 bytes for ./Payload/App360.app/CellBackground.png
2017-12-05 04:27:10 +0000  copying file ./Payload/App360.app/CellBackground2.png ... 
2017-12-05 04:27:10 +0000  2801 bytes for ./Payload/App360.app/CellBackground2.png
copying file ./Payload/App360.app/CellIndicator.png ... 
2017-12-05 04:27:10 +0000  422 bytes for ./Payload/App360.app/CellIndicator.png
copying file ./Payload/App360.app/CellIndicator@2x.png ... 
2017-12-05 04:27:10 +0000  759 bytes for ./Payload/App360.app/CellIndicator@2x.png
2017-12-05 04:27:10 +0000  copying file ./Payload/App360.app/charset_simplified.txt ... 
2017-12-05 04:27:10 +0000  7659 bytes for ./Payload/App360.app/charset_simplified.txt
2017-12-05 04:27:10 +0000  copying file ./Payload/App360.app/charset_traditional.txt ... 
2017-12-05 04:27:10 +0000  7659 bytes for ./Payload/App360.app/charset_traditional.txt
2017-12-05 04:27:10 +0000  copying file ./Payload/App360.app/CheckboxOff.png ... 
2017-12-05 04:27:10 +0000  3281 bytes for ./Payload/App360.app/CheckboxOff.png
copying file ./Payload/App360.app/CheckboxOff@2x.png ... 
2017-12-05 04:27:10 +0000  3582 bytes for ./Payload/App360.app/CheckboxOff@2x.png
2017-12-05 04:27:10 +0000  copying file ./Payload/App360.app/CheckboxOn.png ... 
2017-12-05 04:27:10 +0000  3476 bytes for ./Payload/App360.app/CheckboxOn.png
copying file ./Payload/App360.app/CheckboxOn@2x.png ... 
2017-12-05 04:27:10 +0000  4066 bytes for ./Payload/App360.app/CheckboxOn@2x.png
copying file ./Payload/App360.app/close.png ... 
2017-12-05 04:27:10 +0000  3742 bytes for ./Payload/App360.app/close.png
copying file ./Payload/App360.app/close@2x.png ... 
2017-12-05 04:27:10 +0000  4997 bytes for ./Payload/App360.app/close@2x.png
copying file ./Payload/App360.app/close_btn.png ... 
2017-12-05 04:27:10 +0000  278 bytes for ./Payload/App360.app/close_btn.png
copying file ./Payload/App360.app/close_btn@2x.png ... 
2017-12-05 04:27:10 +0000  303 bytes for ./Payload/App360.app/close_btn@2x.png
copying file ./Payload/App360.app/Comments.png ... 
2017-12-05 04:27:10 +0000  1397 bytes for ./Payload/App360.app/Comments.png
copying file ./Payload/App360.app/CommetsGround.png ... 
2017-12-05 04:27:10 +0000  3263 bytes for ./Payload/App360.app/CommetsGround.png
copying file ./Payload/App360.app/comopose#@2x.png ... 
2017-12-05 04:27:10 +0000  2709 bytes for ./Payload/App360.app/comopose#@2x.png
copying file ./Payload/App360.app/compose#.png ... 
2017-12-05 04:27:10 +0000  1066 bytes for ./Payload/App360.app/compose#.png
copying file ./Payload/App360.app/compose#@2x.png ... 
2017-12-05 04:27:10 +0000  1267 bytes for ./Payload/App360.app/compose#@2x.png
2017-12-05 04:27:10 +0000  copying file ./Payload/App360.app/compose#hover.png ... 
2017-12-05 04:27:10 +0000  1128 bytes for ./Payload/App360.app/compose#hover.png
2017-12-05 04:27:10 +0000  copying file ./Payload/App360.app/compose#hover@2x.png ... 
2017-12-05 04:27:10 +0000  1564 bytes for ./Payload/App360.app/compose#hover@2x.png
copying file ./Payload/App360.app/composeAt.png ... 
2017-12-05 04:27:10 +0000  1612 bytes for ./Payload/App360.app/composeAt.png
copying file ./Payload/App360.app/composeAt@2x.png ... 
2017-12-05 04:27:10 +0000  2128 bytes for ./Payload/App360.app/composeAt@2x.png
2017-12-05 04:27:10 +0000  copying file ./Payload/App360.app/composeAthover.png ... 
2017-12-05 04:27:10 +0000  1658 bytes for ./Payload/App360.app/composeAthover.png
copying file ./Payload/App360.app/composeAthover@2x.png ... 
2017-12-05 04:27:10 +0000  3550 bytes for ./Payload/App360.app/composeAthover@2x.png
copying file ./Payload/App360.app/composeCameraEnable.png ... 
2017-12-05 04:27:10 +0000  1077 bytes for ./Payload/App360.app/composeCameraEnable.png
copying file ./Payload/App360.app/composeCameraEnable@2x.png ... 
2017-12-05 04:27:10 +0000  1392 bytes for ./Payload/App360.app/composeCameraEnable@2x.png
copying file ./Payload/App360.app/composeCamerahover.png ... 
2017-12-05 04:27:10 +0000  1245 bytes for ./Payload/App360.app/composeCamerahover.png
2017-12-05 04:27:10 +0000  copying file ./Payload/App360.app/composeCamerahover@2x.png ... 
2017-12-05 04:27:10 +0000  1911 bytes for ./Payload/App360.app/composeCamerahover@2x.png
copying file ./Payload/App360.app/composedingwei.png ... 
2017-12-05 04:27:10 +0000  765 bytes for ./Payload/App360.app/composedingwei.png
copying file ./Payload/App360.app/composedingwei@2x.png ... 
2017-12-05 04:27:10 +0000  1171 bytes for ./Payload/App360.app/composedingwei@2x.png
copying file ./Payload/App360.app/composedingweihover.png ... 
839 bytes for ./Payload/App360.app/composedingweihover.png
copying file ./Payload/App360.app/composedingweihover@2x.png ... 
2017-12-05 04:27:10 +0000  1441 bytes for ./Payload/App360.app/composedingweihover@2x.png
copying file ./Payload/App360.app/composeEmotionBg.png ... 
1971 bytes for ./Payload/App360.app/composeEmotionBg.png
copying file ./Payload/App360.app/composeEmotionBg@2x.png ... 
2017-12-05 04:27:10 +0000  3762 bytes for ./Payload/App360.app/composeEmotionBg@2x.png
copying file ./Payload/App360.app/composehuatiinput.png ... 
2017-12-05 04:27:10 +0000  1721 bytes for ./Payload/App360.app/composehuatiinput.png
2017-12-05 04:27:10 +0000  copying file ./Payload/App360.app/composehuatiinput@2x.png ... 
2017-12-05 04:27:10 +0000  4132 bytes for ./Payload/App360.app/composehuatiinput@2x.png
copying file ./Payload/App360.app/composeiconbg.png ... 
2017-12-05 04:27:10 +0000  209 bytes for ./Payload/App360.app/composeiconbg.png
copying file ./Payload/App360.app/composeiconbg@2x.png ... 
2017-12-05 04:27:10 +0000  234 bytes for ./Payload/App360.app/composeiconbg@2x.png
copying file ./Payload/App360.app/composeImageDel.png ... 
2017-12-05 04:27:10 +0000  1242 bytes for ./Payload/App360.app/composeImageDel.png
copying file ./Payload/App360.app/composeImageDel@2x.png ... 
2017-12-05 04:27:10 +0000  2113 bytes for ./Payload/App360.app/composeImageDel@2x.png
copying file ./Payload/App360.app/composeImageFrame.png ... 
2017-12-05 04:27:10 +0000  4186 bytes for ./Payload/App360.app/composeImageFrame.png
copying file ./Payload/App360.app/composeImageFrame@2x.png ... 
2017-12-05 04:27:10 +0000  6506 bytes for ./Payload/App360.app/composeImageFrame@2x.png
copying file ./Payload/App360.app/composeloadingbtn.png ... 
2017-12-05 04:27:10 +0000  1212 bytes for ./Payload/App360.app/composeloadingbtn.png
2017-12-05 04:27:10 +0000  copying file ./Payload/App360.app/composeloadingbtn@2x.png ... 
2017-12-05 04:27:10 +0000  2162 bytes for ./Payload/App360.app/composeloadingbtn@2x.png
copying file ./Payload/App360.app/composepic_biankuang.png ... 
2017-12-05 04:27:10 +0000  248 bytes for ./Payload/App360.app/composepic_biankuang.png
copying file ./Payload/App360.app/composepic_biankuang@2x.png ... 
345 bytes for ./Payload/App360.app/composepic_biankuang@2x.png
copying file ./Payload/App360.app/composequxiaobtn.png ... 
2017-12-05 04:27:10 +0000  1248 bytes for ./Payload/App360.app/composequxiaobtn.png
copying file ./Payload/App360.app/composequxiaobtn@2x.png ... 
2017-12-05 04:27:10 +0000  2092 bytes for ./Payload/App360.app/composequxiaobtn@2x.png
copying file ./Payload/App360.app/composereturnbtn.png ... 
2017-12-05 04:27:10 +0000  1504 bytes for ./Payload/App360.app/composereturnbtn.png
copying file ./Payload/App360.app/composereturnbtn@2x.png ... 
2017-12-05 04:27:10 +0000  2712 bytes for ./Payload/App360.app/composereturnbtn@2x.png
copying file ./Payload/App360.app/composesentbtn.png ... 
2017-12-05 04:27:10 +0000  1479 bytes for ./Payload/App360.app/composesentbtn.png
copying file ./Payload/App360.app/composesentbtn@2x.png ... 
2017-12-05 04:27:10 +0000  2100 bytes for ./Payload/App360.app/composesentbtn@2x.png
copying file ./Payload/App360.app/composesentbtnhover.png ... 
2017-12-05 04:27:10 +0000  1240 bytes for ./Payload/App360.app/composesentbtnhover.png
2017-12-05 04:27:10 +0000  copying file ./Payload/App360.app/composesentbtnhover@2x.png ... 
2017-12-05 04:27:10 +0000  2087 bytes for ./Payload/App360.app/composesentbtnhover@2x.png
copying file ./Payload/App360.app/composeupbg.png ... 
2017-12-05 04:27:10 +0000  7431 bytes for ./Payload/App360.app/composeupbg.png
copying file ./Payload/App360.app/composeupbg@2x.png ... 
2017-12-05 04:27:10 +0000  13398 bytes for ./Payload/App360.app/composeupbg@2x.png
copying file ./Payload/App360.app/composevideo_pic.png ... 
2017-12-05 04:27:10 +0000  7756 bytes for ./Payload/App360.app/composevideo_pic.png
copying file ./Payload/App360.app/composevideo_pic@2x.png ... 
2017-12-05 04:27:10 +0000  10795 bytes for ./Payload/App360.app/composevideo_pic@2x.png
copying file ./Payload/App360.app/composeWords.png ... 
2017-12-05 04:27:10 +0000  84 bytes for ./Payload/App360.app/composeWords.png
copying file ./Payload/App360.app/composeWords@2x.png ... 
86 bytes for ./Payload/App360.app/composeWords@2x.png
copying file ./Payload/App360.app/ContentLine.png ... 
2017-12-05 04:27:10 +0000  86 bytes for ./Payload/App360.app/ContentLine.png
copying file ./Payload/App360.app/Default.png ... 
2017-12-05 04:27:10 +0000  97757 bytes for ./Payload/App360.app/Default.png
copying file ./Payload/App360.app/DefaultPicker.png ... 
2017-12-05 04:27:10 +0000  8800 bytes for ./Payload/App360.app/DefaultPicker.png
copying file ./Payload/App360.app/DefaultPicker@2x.png ... 
2017-12-05 04:27:10 +0000  17516 bytes for ./Payload/App360.app/DefaultPicker@2x.png
copying file ./Payload/App360.app/delete.png ... 
2017-12-05 04:27:10 +0000  3058 bytes for ./Payload/App360.app/delete.png
copying file ./Payload/App360.app/delete@2x.png ... 
2017-12-05 04:27:10 +0000  3307 bytes for ./Payload/App360.app/delete@2x.png
2017-12-05 04:27:10 +0000  copying file ./Payload/App360.app/Download.png ... 
2017-12-05 04:27:10 +0000  582 bytes for ./Payload/App360.app/Download.png
copying file ./Payload/App360.app/Download@2x.png ... 
2017-12-05 04:27:10 +0000  643 bytes for ./Payload/App360.app/Download@2x.png
copying file ./Payload/App360.app/DownloadImage.png ... 
2017-12-05 04:27:10 +0000  425 bytes for ./Payload/App360.app/DownloadImage.png
copying file ./Payload/App360.app/DownloadImage@2x.png ... 
2017-12-05 04:27:10 +0000  1375 bytes for ./Payload/App360.app/DownloadImage@2x.png
copying file ./Payload/App360.app/embedded.mobileprovision ... 
2017-12-05 04:27:10 +0000  7503 bytes for ./Payload/App360.app/embedded.mobileprovision
2017-12-05 04:27:10 +0000  copying file ./Payload/App360.app/en.lproj/Language.strings ... 
136 bytes for ./Payload/App360.app/en.lproj/Language.strings
2017-12-05 04:27:10 +0000  copying file ./Payload/App360.app/English.lproj/InfoPlist.strings ... 
81 bytes for ./Payload/App360.app/English.lproj/InfoPlist.strings
copying file ./Payload/App360.app/English.lproj/Localizable.strings ... 
2017-12-05 04:27:10 +0000  4315 bytes for ./Payload/App360.app/English.lproj/Localizable.strings
2017-12-05 04:27:10 +0000  copying file ./Payload/App360.app/ExpandDown.png ... 
2017-12-05 04:27:10 +0000  3975 bytes for ./Payload/App360.app/ExpandDown.png
copying file ./Payload/App360.app/ExpandDown@2x.png ... 
2017-12-05 04:27:10 +0000  2611 bytes for ./Payload/App360.app/ExpandDown@2x.png
copying file ./Payload/App360.app/ExpandDown_.png ... 
2017-12-05 04:27:10 +0000  4044 bytes for ./Payload/App360.app/ExpandDown_.png
2017-12-05 04:27:10 +0000  copying file ./Payload/App360.app/ExpandDown_@2x.png ... 
2017-12-05 04:27:10 +0000  6031 bytes for ./Payload/App360.app/ExpandDown_@2x.png
copying file ./Payload/App360.app/Favorite.png ... 
2017-12-05 04:27:10 +0000  3410 bytes for ./Payload/App360.app/Favorite.png
copying file ./Payload/App360.app/Flick-fade-lt.png ... 
2017-12-05 04:27:10 +0000  699 bytes for ./Payload/App360.app/Flick-fade-lt.png
copying file ./Payload/App360.app/Flick-fade-rt.png ... 
2017-12-05 04:27:10 +0000  717 bytes for ./Payload/App360.app/Flick-fade-rt.png
copying file ./Payload/App360.app/Flick-tab-bck.png ... 
2017-12-05 04:27:10 +0000  2901 bytes for ./Payload/App360.app/Flick-tab-bck.png
copying file ./Payload/App360.app/Flick-tab-over.png ... 
2017-12-05 04:27:10 +0000  3683 bytes for ./Payload/App360.app/Flick-tab-over.png
copying file ./Payload/App360.app/FlickTabOverlay.png ... 
2017-12-05 04:27:10 +0000  2851 bytes for ./Payload/App360.app/FlickTabOverlay.png
copying file ./Payload/App360.app/FlickTabOverlay@2x.png ... 
2017-12-05 04:27:10 +0000  3161 bytes for ./Payload/App360.app/FlickTabOverlay@2x.png
copying file ./Payload/App360.app/FoldSummary.png ... 
2017-12-05 04:27:10 +0000  370 bytes for ./Payload/App360.app/FoldSummary.png
copying file ./Payload/App360.app/FontSize.png ... 
2017-12-05 04:27:10 +0000  1089 bytes for ./Payload/App360.app/FontSize.png
2017-12-05 04:27:10 +0000  copying file ./Payload/App360.app/FontSize@2x.png ... 
2017-12-05 04:27:10 +0000  1913 bytes for ./Payload/App360.app/FontSize@2x.png
copying file ./Payload/App360.app/ForwardIcon.png ... 
2017-12-05 04:27:10 +0000  266 bytes for ./Payload/App360.app/ForwardIcon.png
copying file ./Payload/App360.app/friendPortrait.png ... 
2017-12-05 04:27:10 +0000  3230 bytes for ./Payload/App360.app/friendPortrait.png
copying file ./Payload/App360.app/friendPortrait@2x.png ... 
2017-12-05 04:27:10 +0000  9860 bytes for ./Payload/App360.app/friendPortrait@2x.png
copying file ./Payload/App360.app/GrayButton.png ... 
2017-12-05 04:27:10 +0000  848 bytes for ./Payload/App360.app/GrayButton.png
copying file ./Payload/App360.app/GridBackground-iphone.png ... 
2017-12-05 04:27:10 +0000  4996 bytes for ./Payload/App360.app/GridBackground-iphone.png
copying file ./Payload/App360.app/GridItemBackground-iphone.png ... 
2017-12-05 04:27:10 +0000  3047 bytes for ./Payload/App360.app/GridItemBackground-iphone.png
copying file ./Payload/App360.app/GroupBar.png ... 
2017-12-05 04:27:10 +0000  2854 bytes for ./Payload/App360.app/GroupBar.png
copying file ./Payload/App360.app/GroupBar@2x.png ... 
2017-12-05 04:27:10 +0000  3175 bytes for ./Payload/App360.app/GroupBar@2x.png
copying file ./Payload/App360.app/Icon.png ... 
2017-12-05 04:27:10 +0000  6780 bytes for ./Payload/App360.app/Icon.png
copying file ./Payload/App360.app/Icon7.png ... 
2017-12-05 04:27:10 +0000  11592 bytes for ./Payload/App360.app/Icon7.png
copying file ./Payload/App360.app/Icon@2x.png ... 
2017-12-05 04:27:10 +0000  14125 bytes for ./Payload/App360.app/Icon@2x.png
copying file ./Payload/App360.app/Icon@iPad.png ... 
2017-12-05 04:27:10 +0000  5941 bytes for ./Payload/App360.app/Icon@iPad.png
copying file ./Payload/App360.app/Image.png ... 
2017-12-05 04:27:10 +0000  151017 bytes for ./Payload/App360.app/Image.png
copying file ./Payload/App360.app/Info.plist ... 
2017-12-05 04:27:10 +0000  2166 bytes for ./Payload/App360.app/Info.plist
copying file ./Payload/App360.app/line.jpg ... 
2017-12-05 04:27:10 +0000  1322 bytes for ./Payload/App360.app/line.jpg
2017-12-05 04:27:10 +0000  copying file ./Payload/App360.app/ListCellOverlay.png ... 
2017-12-05 04:27:10 +0000  2851 bytes for ./Payload/App360.app/ListCellOverlay.png
copying file ./Payload/App360.app/ListCellOverlay@2x.png ... 
2017-12-05 04:27:10 +0000  3161 bytes for ./Payload/App360.app/ListCellOverlay@2x.png
copying file ./Payload/App360.app/LoginButtonBackground.png ... 
2017-12-05 04:27:10 +0000  985 bytes for ./Payload/App360.app/LoginButtonBackground.png
copying file ./Payload/App360.app/LoginButtonBackground@2x.png ... 
2017-12-05 04:27:10 +0000  1725 bytes for ./Payload/App360.app/LoginButtonBackground@2x.png
copying file ./Payload/App360.app/LoginFrame.png ... 
2017-12-05 04:27:10 +0000  4418 bytes for ./Payload/App360.app/LoginFrame.png
copying file ./Payload/App360.app/LoginFrame2.png ... 
2017-12-05 04:27:10 +0000  4559 bytes for ./Payload/App360.app/LoginFrame2.png
copying file ./Payload/App360.app/logo.png ... 
2017-12-05 04:27:10 +0000  2248 bytes for ./Payload/App360.app/logo.png
copying file ./Payload/App360.app/logo@2x.png ... 
2017-12-05 04:27:10 +0000  4247 bytes for ./Payload/App360.app/logo@2x.png
copying file ./Payload/App360.app/MainListCellBackground.png ... 
2017-12-05 04:27:10 +0000  3294 bytes for ./Payload/App360.app/MainListCellBackground.png
copying file ./Payload/App360.app/mask_1.png ... 
2017-12-05 04:27:10 +0000  3003 bytes for ./Payload/App360.app/mask_1.png
2017-12-05 04:27:10 +0000  copying file ./Payload/App360.app/mask_1@2x.png ... 
2017-12-05 04:27:10 +0000  3182 bytes for ./Payload/App360.app/mask_1@2x.png
2017-12-05 04:27:10 +0000  copying file ./Payload/App360.app/mask_2.png ... 
2017-12-05 04:27:10 +0000  5111 bytes for ./Payload/App360.app/mask_2.png
copying file ./Payload/App360.app/mask_2@2x.png ... 
2017-12-05 04:27:10 +0000  7033 bytes for ./Payload/App360.app/mask_2@2x.png
copying file ./Payload/App360.app/mask_3.png ... 
2017-12-05 04:27:10 +0000  3038 bytes for ./Payload/App360.app/mask_3.png
copying file ./Payload/App360.app/mask_3@2x.png ... 
2017-12-05 04:27:10 +0000  3235 bytes for ./Payload/App360.app/mask_3@2x.png
copying file ./Payload/App360.app/mask_4.png ... 
2017-12-05 04:27:10 +0000  3318 bytes for ./Payload/App360.app/mask_4.png
copying file ./Payload/App360.app/mask_4@2x.png ... 
2017-12-05 04:27:10 +0000  3957 bytes for ./Payload/App360.app/mask_4@2x.png
copying file ./Payload/App360.app/mask_5.png ... 
2017-12-05 04:27:10 +0000  3150 bytes for ./Payload/App360.app/mask_5.png
copying file ./Payload/App360.app/mask_5@2x.png ... 
2017-12-05 04:27:10 +0000  3470 bytes for ./Payload/App360.app/mask_5@2x.png
copying file ./Payload/App360.app/mask_6.png ... 
2017-12-05 04:27:10 +0000  4625 bytes for ./Payload/App360.app/mask_6.png
copying file ./Payload/App360.app/mask_6@2x.png ... 
2017-12-05 04:27:10 +0000  6796 bytes for ./Payload/App360.app/mask_6@2x.png
copying file ./Payload/App360.app/More.png ... 
2017-12-05 04:27:10 +0000  3200 bytes for ./Payload/App360.app/More.png
2017-12-05 04:27:10 +0000  copying file ./Payload/App360.app/More@2x.png ... 
2017-12-05 04:27:10 +0000  435 bytes for ./Payload/App360.app/More@2x.png
copying file ./Payload/App360.app/mult-lang-switch.png ... 
2017-12-05 04:27:10 +0000  2626 bytes for ./Payload/App360.app/mult-lang-switch.png
copying file ./Payload/App360.app/mult-lang-switch@2x.png ... 
2017-12-05 04:27:10 +0000  6007 bytes for ./Payload/App360.app/mult-lang-switch@2x.png
copying file ./Payload/App360.app/MuTextFieldController.nib ... 
2017-12-05 04:27:10 +0000  2742 bytes for ./Payload/App360.app/MuTextFieldController.nib
2017-12-05 04:27:10 +0000  copying file ./Payload/App360.app/NavigationBar.png ... 
2017-12-05 04:27:10 +0000  2854 bytes for ./Payload/App360.app/NavigationBar.png
copying file ./Payload/App360.app/NavigationBar@2x.png ... 
2017-12-05 04:27:10 +0000  3175 bytes for ./Payload/App360.app/NavigationBar@2x.png
copying file ./Payload/App360.app/NeedUpdate.png ... 
2017-12-05 04:27:10 +0000  988 bytes for ./Payload/App360.app/NeedUpdate.png
copying file ./Payload/App360.app/netError.png ... 
2017-12-05 04:27:10 +0000  1843 bytes for ./Payload/App360.app/netError.png
copying file ./Payload/App360.app/netError@2x.png ... 
2017-12-05 04:27:10 +0000  1185 bytes for ./Payload/App360.app/netError@2x.png
copying file ./Payload/App360.app/NoIcon.png ... 
2017-12-05 04:27:10 +0000  6780 bytes for ./Payload/App360.app/NoIcon.png
copying file ./Payload/App360.app/normal_left.png ... 
2017-12-05 04:27:10 +0000  3366 bytes for ./Payload/App360.app/normal_left.png
copying file ./Payload/App360.app/normal_left@2x.png ... 
2017-12-05 04:27:10 +0000  3437 bytes for ./Payload/App360.app/normal_left@2x.png
copying file ./Payload/App360.app/normal_middle.png ... 
2017-12-05 04:27:10 +0000  2939 bytes for ./Payload/App360.app/normal_middle.png
copying file ./Payload/App360.app/normal_middle@2x.png ... 
2017-12-05 04:27:10 +0000  3020 bytes for ./Payload/App360.app/normal_middle@2x.png
copying file ./Payload/App360.app/normal_right.png ... 
2017-12-05 04:27:10 +0000  3299 bytes for ./Payload/App360.app/normal_right.png
copying file ./Payload/App360.app/normal_right@2x.png ... 
2017-12-05 04:27:10 +0000  3428 bytes for ./Payload/App360.app/normal_right@2x.png
copying file ./Payload/App360.app/Normal_State.png ... 
2017-12-05 04:27:10 +0000  363 bytes for ./Payload/App360.app/Normal_State.png
copying file ./Payload/App360.app/Normal_State@2x.png ... 
2017-12-05 04:27:10 +0000  282 bytes for ./Payload/App360.app/Normal_State@2x.png
copying file ./Payload/App360.app/NotFavorite.png ... 
2017-12-05 04:27:10 +0000  4016 bytes for ./Payload/App360.app/NotFavorite.png
copying file ./Payload/App360.app/PageChosed.png ... 
2017-12-05 04:27:10 +0000  4208 bytes for ./Payload/App360.app/PageChosed.png
copying file ./Payload/App360.app/PageUnchosed.png ... 
2017-12-05 04:27:10 +0000  4193 bytes for ./Payload/App360.app/PageUnchosed.png
2017-12-05 04:27:10 +0000  copying file ./Payload/App360.app/Particle.png ... 
2017-12-05 04:27:10 +0000  7607 bytes for ./Payload/App360.app/Particle.png
copying file ./Payload/App360.app/PkgInfo ... 
2017-12-05 04:27:10 +0000  8 bytes for ./Payload/App360.app/PkgInfo
copying file ./Payload/App360.app/PlayIcon.png ... 
2017-12-05 04:27:10 +0000  2540 bytes for ./Payload/App360.app/PlayIcon.png
2017-12-05 04:27:10 +0000  copying file ./Payload/App360.app/PlayIcon@2x.png ... 
2017-12-05 04:27:10 +0000  5883 bytes for ./Payload/App360.app/PlayIcon@2x.png
copying file ./Payload/App360.app/popoverArrowDown.png ... 
2017-12-05 04:27:10 +0000  379 bytes for ./Payload/App360.app/popoverArrowDown.png
copying file ./Payload/App360.app/popoverArrowDown@2x.png ... 
2017-12-05 04:27:10 +0000  323 bytes for ./Payload/App360.app/popoverArrowDown@2x.png
copying file ./Payload/App360.app/PullArrow.png ... 
2017-12-05 04:27:10 +0000  4175 bytes for ./Payload/App360.app/PullArrow.png
copying file ./Payload/App360.app/PullArrow@2x.png ... 
2017-12-05 04:27:10 +0000  894 bytes for ./Payload/App360.app/PullArrow@2x.png
2017-12-05 04:27:10 +0000  copying file ./Payload/App360.app/QQlogo.png ... 
2017-12-05 04:27:10 +0000  20292 bytes for ./Payload/App360.app/QQlogo.png
copying file ./Payload/App360.app/RadiobuttonOff.png ... 
2017-12-05 04:27:10 +0000  3299 bytes for ./Payload/App360.app/RadiobuttonOff.png
2017-12-05 04:27:10 +0000  copying file ./Payload/App360.app/RadiobuttonOff@2x.png ... 
2017-12-05 04:27:10 +0000  3826 bytes for ./Payload/App360.app/RadiobuttonOff@2x.png
copying file ./Payload/App360.app/RadiobuttonOn.png ... 
2017-12-05 04:27:10 +0000  3478 bytes for ./Payload/App360.app/RadiobuttonOn.png
copying file ./Payload/App360.app/RadiobuttonOn@2x.png ... 
2017-12-05 04:27:10 +0000  3825 bytes for ./Payload/App360.app/RadiobuttonOn@2x.png
copying file ./Payload/App360.app/README.md ... 
2017-12-05 04:27:10 +0000  1350 bytes for ./Payload/App360.app/README.md
copying file ./Payload/App360.app/Refresh.png ... 
2017-12-05 04:27:10 +0000  1879 bytes for ./Payload/App360.app/Refresh.png
2017-12-05 04:27:10 +0000  copying file ./Payload/App360.app/RefreshIcon.png ... 
2017-12-05 04:27:10 +0000  3504 bytes for ./Payload/App360.app/RefreshIcon.png
copying file ./Payload/App360.app/RefreshIcon@2x.png ... 
2017-12-05 04:27:10 +0000  1439 bytes for ./Payload/App360.app/RefreshIcon@2x.png
copying file ./Payload/App360.app/RefreshIcon@3x.png ... 
2017-12-05 04:27:10 +0000  1439 bytes for ./Payload/App360.app/RefreshIcon@3x.png
copying file ./Payload/App360.app/repeatVideoStarticon.png ... 
2017-12-05 04:27:10 +0000  5601 bytes for ./Payload/App360.app/repeatVideoStarticon.png
copying file ./Payload/App360.app/repeatVideoStarticon@2x.png ... 
2017-12-05 04:27:10 +0000  6059 bytes for ./Payload/App360.app/repeatVideoStarticon@2x.png
copying file ./Payload/App360.app/Reposts.png ... 
2017-12-05 04:27:10 +0000  1188 bytes for ./Payload/App360.app/Reposts.png
copying file ./Payload/App360.app/Selected_Arrow.png ... 
2017-12-05 04:27:10 +0000  3211 bytes for ./Payload/App360.app/Selected_Arrow.png
copying file ./Payload/App360.app/Selected_Arrow@2x.png ... 
2017-12-05 04:27:10 +0000  3735 bytes for ./Payload/App360.app/Selected_Arrow@2x.png
copying file ./Payload/App360.app/selected_left.png ... 
2017-12-05 04:27:10 +0000  3253 bytes for ./Payload/App360.app/selected_left.png
copying file ./Payload/App360.app/selected_left@2x.png ... 
2017-12-05 04:27:10 +0000  3437 bytes for ./Payload/App360.app/selected_left@2x.png
copying file ./Payload/App360.app/selected_middle.png ... 
2017-12-05 04:27:10 +0000  2943 bytes for ./Payload/App360.app/selected_middle.png
copying file ./Payload/App360.app/selected_middle@2x.png ... 
2017-12-05 04:27:10 +0000  3062 bytes for ./Payload/App360.app/selected_middle@2x.png
copying file ./Payload/App360.app/selected_right.png ... 
2017-12-05 04:27:10 +0000  3284 bytes for ./Payload/App360.app/selected_right.png
copying file ./Payload/App360.app/selected_right@2x.png ... 
2017-12-05 04:27:10 +0000  3437 bytes for ./Payload/App360.app/selected_right@2x.png
copying file ./Payload/App360.app/Selected_State.png ... 
2017-12-05 04:27:10 +0000  483 bytes for ./Payload/App360.app/Selected_State.png
2017-12-05 04:27:10 +0000  copying file ./Payload/App360.app/Selected_State@2x.png ... 
2017-12-05 04:27:10 +0000  403 bytes for ./Payload/App360.app/Selected_State@2x.png
copying file ./Payload/App360.app/Seletced.png ... 
2017-12-05 04:27:10 +0000  4066 bytes for ./Payload/App360.app/Seletced.png
copying file ./Payload/App360.app/separatorLine.png ... 
2017-12-05 04:27:10 +0000  71 bytes for ./Payload/App360.app/separatorLine.png
copying file ./Payload/App360.app/separatorLine@2x.png ... 
71 bytes for ./Payload/App360.app/separatorLine@2x.png
2017-12-05 04:27:10 +0000  copying file ./Payload/App360.app/Setting.png ... 
2017-12-05 04:27:10 +0000  3617 bytes for ./Payload/App360.app/Setting.png
copying file ./Payload/App360.app/Setting@2x.png ... 
2017-12-05 04:27:10 +0000  4426 bytes for ./Payload/App360.app/Setting@2x.png
copying file ./Payload/App360.app/ShareIcon.png ... 
2017-12-05 04:27:10 +0000  740 bytes for ./Payload/App360.app/ShareIcon.png
2017-12-05 04:27:10 +0000  copying file ./Payload/App360.app/ShareIcon@2x.png ... 
2017-12-05 04:27:10 +0000  979 bytes for ./Payload/App360.app/ShareIcon@2x.png
2017-12-05 04:27:10 +0000  copying file ./Payload/App360.app/SinaWeibo.bundle/images/close.png ... 
2017-12-05 04:27:10 +0000  3858 bytes for ./Payload/App360.app/SinaWeibo.bundle/images/close.png
copying file ./Payload/App360.app/SinaWeibo.bundle/images/close@2x.png ... 
2017-12-05 04:27:10 +0000  5320 bytes for ./Payload/App360.app/SinaWeibo.bundle/images/close@2x.png
2017-12-05 04:27:10 +0000  copying file ./Payload/App360.app/Tabbar.png ... 
2017-12-05 04:27:10 +0000  2851 bytes for ./Payload/App360.app/Tabbar.png
copying file ./Payload/App360.app/TabBar@2x.png ... 
2017-12-05 04:27:10 +0000  3161 bytes for ./Payload/App360.app/TabBar@2x.png
copying file ./Payload/App360.app/TabGround.png ... 
2017-12-05 04:27:10 +0000  290 bytes for ./Payload/App360.app/TabGround.png
copying file ./Payload/App360.app/TabItemBackground_Default_1.png ... 
2017-12-05 04:27:10 +0000  767 bytes for ./Payload/App360.app/TabItemBackground_Default_1.png
copying file ./Payload/App360.app/TabItemBackground_Default_1@2x.png ... 
2017-12-05 04:27:10 +0000  1467 bytes for ./Payload/App360.app/TabItemBackground_Default_1@2x.png
copying file ./Payload/App360.app/TabItemBackground_Selected_1.png ... 
2017-12-05 04:27:10 +0000  247 bytes for ./Payload/App360.app/TabItemBackground_Selected_1.png
copying file ./Payload/App360.app/TabItemBackground_Selected_1@2x.png ... 
2017-12-05 04:27:10 +0000  544 bytes for ./Payload/App360.app/TabItemBackground_Selected_1@2x.png
copying file ./Payload/App360.app/test.png ... 
2017-12-05 04:27:10 +0000  48582 bytes for ./Payload/App360.app/test.png
copying file ./Payload/App360.app/test@2x.png ... 
2017-12-05 04:27:10 +0000  48582 bytes for ./Payload/App360.app/test@2x.png
copying file ./Payload/App360.app/TextFrame.png ... 
2017-12-05 04:27:10 +0000  3464 bytes for ./Payload/App360.app/TextFrame.png
2017-12-05 04:27:10 +0000  copying file ./Payload/App360.app/TextFrame@2x.png ... 
2017-12-05 04:27:10 +0000  4756 bytes for ./Payload/App360.app/TextFrame@2x.png
copying file ./Payload/App360.app/TurnLeft.png ... 
2017-12-05 04:27:10 +0000  484 bytes for ./Payload/App360.app/TurnLeft.png
copying file ./Payload/App360.app/TurnLeft@2x.png ... 
2017-12-05 04:27:10 +0000  603 bytes for ./Payload/App360.app/TurnLeft@2x.png
copying file ./Payload/App360.app/TurnRight.png ... 
2017-12-05 04:27:10 +0000  491 bytes for ./Payload/App360.app/TurnRight.png
2017-12-05 04:27:10 +0000  copying file ./Payload/App360.app/TurnRight@2x.png ... 
2017-12-05 04:27:10 +0000  588 bytes for ./Payload/App360.app/TurnRight@2x.png
copying file ./Payload/App360.app/unFoldSummary.png ... 
2017-12-05 04:27:10 +0000  362 bytes for ./Payload/App360.app/unFoldSummary.png
copying file ./Payload/App360.app/UnSeletced.png ... 
3582 bytes for ./Payload/App360.app/UnSeletced.png
2017-12-05 04:27:10 +0000  copying file ./Payload/App360.app/ViewComment.png ... 
3115 bytes for ./Payload/App360.app/ViewComment.png
copying file ./Payload/App360.app/ViewComment@2x.png ... 
2017-12-05 04:27:10 +0000  3204 bytes for ./Payload/App360.app/ViewComment@2x.png
copying file ./Payload/App360.app/WeatherCell1.png ... 
673 bytes for ./Payload/App360.app/WeatherCell1.png
copying file ./Payload/App360.app/WeatherCell2.png ... 
2017-12-05 04:27:10 +0000  1274 bytes for ./Payload/App360.app/WeatherCell2.png
copying file ./Payload/App360.app/WeatherHeadBackground1.png ... 
2017-12-05 04:27:10 +0000  51011 bytes for ./Payload/App360.app/WeatherHeadBackground1.png
copying file ./Payload/App360.app/WeatherHeadBackground2.png ... 
2017-12-05 04:27:10 +0000  70701 bytes for ./Payload/App360.app/WeatherHeadBackground2.png
copying file ./Payload/App360.app/WeatherHeadBackground3.png ... 
2017-12-05 04:27:10 +0000  55788 bytes for ./Payload/App360.app/WeatherHeadBackground3.png
2017-12-05 04:27:10 +0000  copying file ./Payload/App360.app/WeatherHeadBackground4.png ... 
2017-12-05 04:27:10 +0000  99087 bytes for ./Payload/App360.app/WeatherHeadBackground4.png
copying file ./Payload/App360.app/WP7Background.png ... 
2017-12-05 04:27:10 +0000  171789 bytes for ./Payload/App360.app/WP7Background.png
2017-12-05 04:27:10 +0000  copying file ./Payload/App360.app/XAdMob.bundle/XAdMob.plist ... 
299 bytes for ./Payload/App360.app/XAdMob.bundle/XAdMob.plist
copying file ./Payload/App360.app/XAdMob.bundle/xadmob_banner_bg.png ... 
2017-12-05 04:27:10 +0000  1239 bytes for ./Payload/App360.app/XAdMob.bundle/xadmob_banner_bg.png
copying file ./Payload/App360.app/XAdMob.bundle/xadmob_bg_toolbar.png ... 
2017-12-05 04:27:10 +0000  2924 bytes for ./Payload/App360.app/XAdMob.bundle/xadmob_bg_toolbar.png
copying file ./Payload/App360.app/XAdMob.bundle/xadmob_btn_close.png ... 
2017-12-05 04:27:10 +0000  4781 bytes for ./Payload/App360.app/XAdMob.bundle/xadmob_btn_close.png
copying file ./Payload/App360.app/XAdMob.bundle/xadmob_btn_next.png ... 
2017-12-05 04:27:10 +0000  773 bytes for ./Payload/App360.app/XAdMob.bundle/xadmob_btn_next.png
copying file ./Payload/App360.app/XAdMob.bundle/xadmob_btn_prev.png ... 
2017-12-05 04:27:10 +0000  764 bytes for ./Payload/App360.app/XAdMob.bundle/xadmob_btn_prev.png
copying file ./Payload/App360.app/XAdMob.bundle/xadmob_btn_refresh.png ... 
2017-12-05 04:27:10 +0000  2757 bytes for ./Payload/App360.app/XAdMob.bundle/xadmob_btn_refresh.png
copying file ./Payload/App360.app/XAdMob.bundle/xadmob_btn_share.png ... 
2017-12-05 04:27:10 +0000  1104 bytes for ./Payload/App360.app/XAdMob.bundle/xadmob_btn_share.png
2017-12-05 04:27:10 +0000  copying file ./Payload/App360.app/XAdMob.bundle/xadmob_dlg_bg.png ... 
2017-12-05 04:27:10 +0000  16987 bytes for ./Payload/App360.app/XAdMob.bundle/xadmob_dlg_bg.png
copying file ./Payload/App360.app/XAdMob.bundle/xadmob_dlg_close.png ... 
2017-12-05 04:27:10 +0000  4781 bytes for ./Payload/App360.app/XAdMob.bundle/xadmob_dlg_close.png
2017-12-05 04:27:10 +0000  copying file ./Payload/App360.app/zh-Hans.lproj/InfoPlist.strings ... 
81 bytes for ./Payload/App360.app/zh-Hans.lproj/InfoPlist.strings
copying file ./Payload/App360.app/zh-Hans.lproj/Language.strings ... 
2017-12-05 04:27:10 +0000  200 bytes for ./Payload/App360.app/zh-Hans.lproj/Language.strings
copying file ./Payload/App360.app/zh-Hans.lproj/Localizable.strings ... 
2017-12-05 04:27:10 +0000  7392 bytes for ./Payload/App360.app/zh-Hans.lproj/Localizable.strings
2017-12-05 04:27:10 +0000  copying file ./Payload/App360.app/zh-Hant.lproj/InfoPlist.strings ... 
81 bytes for ./Payload/App360.app/zh-Hant.lproj/InfoPlist.strings
copying file ./Payload/App360.app/zh-Hant.lproj/Language.strings ... 
2017-12-05 04:27:10 +0000  200 bytes for ./Payload/App360.app/zh-Hant.lproj/Language.strings
copying file ./Payload/App360.app/zh-Hant.lproj/Localizable.strings ... 
2017-12-05 04:27:10 +0000  7402 bytes for ./Payload/App360.app/zh-Hant.lproj/Localizable.strings
2017-12-05 04:27:10 +0000  /usr/bin/ditto exited with 0
2017-12-05 04:27:10 +0000  Processing step: IDEDistributionCreateManifestStep
